c:\users\aaron\source\cpp\pocketchecker\newdemo\v1.pocketchecker.cpp\v1.pocketchecker.cpp\x64\debug\vc143.pdb
c:\users\aaron\source\cpp\pocketchecker\newdemo\v1.pocketchecker.cpp\v1.pocketchecker.cpp\x64\debug\.netframework,version=v4.7.2.assemblyattributes.obj
c:\users\aaron\source\cpp\pocketchecker\newdemo\v1.pocketchecker.cpp\v1.pocketchecker.cpp\x64\debug\registerform.obj
c:\users\aaron\source\cpp\pocketchecker\newdemo\v1.pocketchecker.cpp\v1.pocketchecker.cpp\x64\debug\programlogic.obj
c:\users\aaron\source\cpp\pocketchecker\newdemo\v1.pocketchecker.cpp\v1.pocketchecker.cpp\x64\debug\loginform.obj
c:\users\aaron\source\cpp\pocketchecker\newdemo\v1.pocketchecker.cpp\v1.pocketchecker.cpp\x64\debug\dashboard.obj
c:\users\aaron\source\cpp\pocketchecker\newdemo\v1.pocketchecker.cpp\x64\debug\v1.pocketchecker.cpp.exe
c:\users\aaron\source\cpp\pocketchecker\newdemo\v1.pocketchecker.cpp\v1.pocketchecker.cpp\x64\debug\v1.pocketchecker.cpp.vcxproj.assemblyreference.cache
c:\users\aaron\source\cpp\pocketchecker\newdemo\v1.pocketchecker.cpp\v1.pocketchecker.cpp\x64\debug\v1.pocketchecker.cpp.vcxproj.generateresource.cache
c:\users\aaron\source\cpp\pocketchecker\newdemo\v1.pocketchecker.cpp\v1.pocketchecker.cpp\x64\debug\v1.pocketchecker.cpp.vcxproj.suggestedbindingredirects.cache
c:\users\aaron\source\cpp\pocketchecker\newdemo\v1.pocketchecker.cpp\v1.pocketchecker.cpp\x64\debug\v1pocketcheckercpp.dashboard.resources
c:\users\aaron\source\cpp\pocketchecker\newdemo\v1.pocketchecker.cpp\v1.pocketchecker.cpp\x64\debug\v1pocketcheckercpp.loginform.resources
c:\users\aaron\source\cpp\pocketchecker\newdemo\v1.pocketchecker.cpp\v1.pocketchecker.cpp\x64\debug\v1pocketcheckercpp.registerform.resources
c:\users\aaron\source\cpp\pocketchecker\newdemo\v1.pocketchecker.cpp\x64\debug\v1.pocketchecker.cpp.pdb
c:\users\aaron\source\cpp\pocketchecker\newdemo\v1.pocketchecker.cpp\v1.pocketchecker.cpp\x64\debug\v1.pocke.8ebe0f03.tlog\cl.command.1.tlog
c:\users\aaron\source\cpp\pocketchecker\newdemo\v1.pocketchecker.cpp\v1.pocketchecker.cpp\x64\debug\v1.pocke.8ebe0f03.tlog\cl.read.1.tlog
c:\users\aaron\source\cpp\pocketchecker\newdemo\v1.pocketchecker.cpp\v1.pocketchecker.cpp\x64\debug\v1.pocke.8ebe0f03.tlog\cl.write.1.tlog
c:\users\aaron\source\cpp\pocketchecker\newdemo\v1.pocketchecker.cpp\v1.pocketchecker.cpp\x64\debug\v1.pocke.8ebe0f03.tlog\link.6416.read.1.tlog
c:\users\aaron\source\cpp\pocketchecker\newdemo\v1.pocketchecker.cpp\v1.pocketchecker.cpp\x64\debug\v1.pocke.8ebe0f03.tlog\link.6416.read.2.tlog
c:\users\aaron\source\cpp\pocketchecker\newdemo\v1.pocketchecker.cpp\v1.pocketchecker.cpp\x64\debug\v1.pocke.8ebe0f03.tlog\link.6416.write.1.tlog
c:\users\aaron\source\cpp\pocketchecker\newdemo\v1.pocketchecker.cpp\v1.pocketchecker.cpp\x64\debug\v1.pocke.8ebe0f03.tlog\link.command.1.tlog
c:\users\aaron\source\cpp\pocketchecker\newdemo\v1.pocketchecker.cpp\v1.pocketchecker.cpp\x64\debug\v1.pocke.8ebe0f03.tlog\link.read.1.tlog
c:\users\aaron\source\cpp\pocketchecker\newdemo\v1.pocketchecker.cpp\v1.pocketchecker.cpp\x64\debug\v1.pocke.8ebe0f03.tlog\link.read.2.tlog
c:\users\aaron\source\cpp\pocketchecker\newdemo\v1.pocketchecker.cpp\v1.pocketchecker.cpp\x64\debug\v1.pocke.8ebe0f03.tlog\link.write.1.tlog
c:\users\aaron\source\cpp\pocketchecker\newdemo\v1.pocketchecker.cpp\v1.pocketchecker.cpp\x64\debug\v1.pocke.8ebe0f03.tlog\metagen.read.1.tlog
c:\users\aaron\source\cpp\pocketchecker\newdemo\v1.pocketchecker.cpp\v1.pocketchecker.cpp\x64\debug\v1.pocke.8ebe0f03.tlog\metagen.write.1.tlog
c:\users\aaron\source\cpp\pocketchecker\newdemo\v1.pocketchecker.cpp\v1.pocketchecker.cpp\x64\debug\v1.pocke.8ebe0f03.tlog\resgen.command.1.tlog
c:\users\aaron\source\cpp\pocketchecker\newdemo\v1.pocketchecker.cpp\v1.pocketchecker.cpp\x64\debug\v1.pocke.8ebe0f03.tlog\resgen.read.1.tlog
c:\users\aaron\source\cpp\pocketchecker\newdemo\v1.pocketchecker.cpp\v1.pocketchecker.cpp\x64\debug\v1.pocke.8ebe0f03.tlog\resgen.write.1.tlog
